<?xml version="1.0" encoding="UTF-8"?>
<!-- Generated by org.testng.reporters.JUnitReportReporter -->
<testsuite hostname="Sinazo1" failures="0" tests="8" name="com.owethupeyane.tests.InventoryTests" time="78.026" errors="0" timestamp="2025-06-11T14:20:58 SAST" skipped="0">
  <testcase classname="com.owethupeyane.tests.InventoryTests" name="verifyProductCount" time="15.044"/>
  <testcase classname="com.owethupeyane.tests.InventoryTests" name="verifyProductCount" time="10.092"/>
  <testcase classname="com.owethupeyane.tests.InventoryTests" name="verifyProductCount" time="4.141"/>
  <testcase classname="com.owethupeyane.tests.InventoryTests" name="testAddToCart" time="11.893"/>
  <testcase classname="com.owethupeyane.tests.InventoryTests" name="testAddToCart" time="3.557"/>
  <testcase classname="com.owethupeyane.tests.InventoryTests" name="verifyProductCount" time="3.199"/>
  <testcase classname="com.owethupeyane.tests.InventoryTests" name="verifyProductCount" time="6.659"/>
  <testcase classname="com.owethupeyane.tests.InventoryTests" name="verifyProductCount" time="23.441"/>
</testsuite> <!-- com.owethupeyane.tests.InventoryTests -->
