<?xml version="1.0" encoding="UTF-8"?>
<!-- Generated by org.testng.reporters.JUnitReportReporter -->
<testsuite hostname="Sinazo1" failures="0" tests="2" name="com.owethupeyane.tests.LoginTests" time="20.186" errors="0" timestamp="2025-06-11T14:20:58 SAST" skipped="0">
  <testcase classname="com.owethupeyane.tests.LoginTests" name="lockedOutUser" time="7.601"/>
  <testcase classname="com.owethupeyane.tests.LoginTests" name="successfulLogin" time="12.585"/>
</testsuite> <!-- com.owethupeyane.tests.LoginTests -->
