<?xml version="1.0" encoding="UTF-8"?>
<!-- Generated by org.testng.reporters.JUnitReportReporter -->
<testsuite hostname="Sinazo1" failures="0" tests="12" name="com.owethupeyane.tests.InventoryTests" time="127.053" errors="0" timestamp="2025-07-01T14:32:15 SAST" skipped="0">
  <testcase classname="com.owethupeyane.tests.InventoryTests" name="testProductCount" time="3.323"/>
  <testcase classname="com.owethupeyane.tests.InventoryTests" name="testProductCount" time="2.971"/>
  <testcase classname="com.owethupeyane.tests.InventoryTests" name="testAddFirstItemToCart" time="13.375"/>
  <testcase classname="com.owethupeyane.tests.InventoryTests" name="testAddFirstItemToCart" time="13.489"/>
  <testcase classname="com.owethupeyane.tests.InventoryTests" name="testAddItemByName" time="13.202"/>
  <testcase classname="com.owethupeyane.tests.InventoryTests" name="testAddItemByName" time="16.770"/>
  <testcase classname="com.owethupeyane.tests.InventoryTests" name="testAddMultipleItems" time="14.988"/>
  <testcase classname="com.owethupeyane.tests.InventoryTests" name="testAddMultipleItems" time="15.377"/>
  <testcase classname="com.owethupeyane.tests.InventoryTests" name="testCartBadgeUpdates" time="13.730"/>
  <testcase classname="com.owethupeyane.tests.InventoryTests" name="testCartBadgeUpdates" time="13.618"/>
  <testcase classname="com.owethupeyane.tests.InventoryTests" name="testCartNavigation" time="2.887"/>
  <testcase classname="com.owethupeyane.tests.InventoryTests" name="testCartNavigation" time="3.323"/>
</testsuite> <!-- com.owethupeyane.tests.InventoryTests -->
