<?xml version="1.0" encoding="UTF-8"?>
<!-- Generated by org.testng.reporters.JUnitReportReporter -->
<testsuite hostname="Sinazo1" failures="0" tests="2" name="com.owethupeyane.tests.LoginTests" time="5.595" errors="0" timestamp="2025-07-01T14:32:15 SAST" skipped="0">
  <testcase classname="com.owethupeyane.tests.LoginTests" name="lockedOutUser" time="2.045"/>
  <testcase classname="com.owethupeyane.tests.LoginTests" name="successfulLogin" time="3.550"/>
</testsuite> <!-- com.owethupeyane.tests.LoginTests -->
