<?xml version="1.0" encoding="UTF-8"?>
<!-- Generated by org.testng.reporters.JUnitReportReporter -->
<testsuite hostname="Sinazo1" failures="0" tests="2" name="com.owethupeyane.tests.LoginTests" time="5.377" errors="0" timestamp="2025-06-12T13:18:52 SAST" skipped="0">
  <testcase classname="com.owethupeyane.tests.LoginTests" name="successfulLogin" time="3.168"/>
  <testcase classname="com.owethupeyane.tests.LoginTests" name="lockedOutUser" time="2.209"/>
</testsuite> <!-- com.owethupeyane.tests.LoginTests -->
