<?xml version="1.0" encoding="UTF-8"?>
<!-- Generated by org.testng.reporters.JUnitReportReporter -->
<testsuite hostname="Sinazo1" failures="0" tests="12" name="com.owethupeyane.tests.InventoryTests" time="138.598" errors="0" timestamp="2025-06-12T13:18:52 SAST" skipped="0">
  <testcase classname="com.owethupeyane.tests.InventoryTests" name="testProductCount" time="7.114"/>
  <testcase classname="com.owethupeyane.tests.InventoryTests" name="testProductCount" time="2.518"/>
  <testcase classname="com.owethupeyane.tests.InventoryTests" name="testAddFirstItemToCart" time="13.193"/>
  <testcase classname="com.owethupeyane.tests.InventoryTests" name="testAddFirstItemToCart" time="26.069"/>
  <testcase classname="com.owethupeyane.tests.InventoryTests" name="testAddItemByName" time="13.312"/>
  <testcase classname="com.owethupeyane.tests.InventoryTests" name="testAddItemByName" time="12.766"/>
  <testcase classname="com.owethupeyane.tests.InventoryTests" name="testAddMultipleItems" time="15.652"/>
  <testcase classname="com.owethupeyane.tests.InventoryTests" name="testAddMultipleItems" time="16.025"/>
  <testcase classname="com.owethupeyane.tests.InventoryTests" name="testCartBadgeUpdates" time="13.495"/>
  <testcase classname="com.owethupeyane.tests.InventoryTests" name="testCartBadgeUpdates" time="13.617"/>
  <testcase classname="com.owethupeyane.tests.InventoryTests" name="testCartNavigation" time="2.126"/>
  <testcase classname="com.owethupeyane.tests.InventoryTests" name="testCartNavigation" time="2.711"/>
</testsuite> <!-- com.owethupeyane.tests.InventoryTests -->
