<?xml version="1.0" encoding="UTF-8"?>
<!-- Generated by org.testng.reporters.JUnitReportReporter -->
<testsuite hostname="Sinazo1" failures="0" tests="8" name="com.owethupeyane.tests.InventoryTests" time="101.405" errors="0" timestamp="2025-06-11T13:32:41 SAST" skipped="0">
  <testcase classname="com.owethupeyane.tests.InventoryTests" name="verifyProductCount" time="7.683"/>
  <testcase classname="com.owethupeyane.tests.InventoryTests" name="verifyProductCount" time="35.696"/>
  <testcase classname="com.owethupeyane.tests.InventoryTests" name="verifyProductCount" time="15.498"/>
  <testcase classname="com.owethupeyane.tests.InventoryTests" name="testAddToCart" time="3.025"/>
  <testcase classname="com.owethupeyane.tests.InventoryTests" name="testAddToCart" time="14.661"/>
  <testcase classname="com.owethupeyane.tests.InventoryTests" name="verifyProductCount" time="8.519"/>
  <testcase classname="com.owethupeyane.tests.InventoryTests" name="verifyProductCount" time="3.812"/>
  <testcase classname="com.owethupeyane.tests.InventoryTests" name="verifyProductCount" time="12.511"/>
</testsuite> <!-- com.owethupeyane.tests.InventoryTests -->
